[rospy.client][INFO] 2017-08-14 08:36:40,459: init_node, name[/bebop/led], pid[82]
[xmlrpc][INFO] 2017-08-14 08:36:40,460: XML-RPC server binding to 0.0.0.0:0
[xmlrpc][INFO] 2017-08-14 08:36:40,460: Started XML-RPC server [http://ubuntu:41541/]
[rospy.init][INFO] 2017-08-14 08:36:40,461: ROS Slave URI: [http://ubuntu:41541/]
[rospy.impl.masterslave][INFO] 2017-08-14 08:36:40,461: _ready: http://ubuntu:41541/
[xmlrpc][INFO] 2017-08-14 08:36:40,462: xml rpc node: starting XML-RPC server
[rospy.registration][INFO] 2017-08-14 08:36:40,463: Registering with master node http://localhost:11311
[rospy.init][INFO] 2017-08-14 08:36:40,562: registered with master
[rospy.rosout][INFO] 2017-08-14 08:36:40,562: initializing /rosout core topic
[rospy.rosout][INFO] 2017-08-14 08:36:40,566: connected to core topic /rosout
[rospy.simtime][INFO] 2017-08-14 08:36:40,567: /use_sim_time is not set, will not subscribe to simulated time [/clock] topic
[rosout][ERROR] 2017-08-14 08:36:40,593: No blinkstick device found
[rospy.core][INFO] 2017-08-14 08:36:40,595: signal_shutdown [atexit]
[rospy.impl.masterslave][INFO] 2017-08-14 08:36:40,602: atexit
[rospy.client][INFO] 2017-08-14 08:37:06,484: init_node, name[/bebop/led], pid[81]
[xmlrpc][INFO] 2017-08-14 08:37:06,485: XML-RPC server binding to 0.0.0.0:0
[xmlrpc][INFO] 2017-08-14 08:37:06,486: Started XML-RPC server [http://ubuntu:39747/]
[rospy.impl.masterslave][INFO] 2017-08-14 08:37:06,486: _ready: http://ubuntu:39747/
[rospy.init][INFO] 2017-08-14 08:37:06,486: ROS Slave URI: [http://ubuntu:39747/]
[xmlrpc][INFO] 2017-08-14 08:37:06,490: xml rpc node: starting XML-RPC server
[rospy.registration][INFO] 2017-08-14 08:37:06,490: Registering with master node http://localhost:11311
[rospy.init][INFO] 2017-08-14 08:37:06,591: registered with master
[rospy.rosout][INFO] 2017-08-14 08:37:06,592: initializing /rosout core topic
[rospy.rosout][INFO] 2017-08-14 08:37:06,596: connected to core topic /rosout
[rospy.simtime][INFO] 2017-08-14 08:37:06,597: /use_sim_time is not set, will not subscribe to simulated time [/clock] topic
[rosout][ERROR] 2017-08-14 08:37:06,619: No blinkstick device found
[rospy.core][INFO] 2017-08-14 08:37:06,620: signal_shutdown [atexit]
[rospy.impl.masterslave][INFO] 2017-08-14 08:37:06,623: atexit
[rospy.client][INFO] 2017-08-14 08:37:45,794: init_node, name[/bebop/led], pid[82]
[xmlrpc][INFO] 2017-08-14 08:37:45,795: XML-RPC server binding to 0.0.0.0:0
[xmlrpc][INFO] 2017-08-14 08:37:45,796: Started XML-RPC server [http://ubuntu:46785/]
[rospy.init][INFO] 2017-08-14 08:37:45,796: ROS Slave URI: [http://ubuntu:46785/]
[rospy.impl.masterslave][INFO] 2017-08-14 08:37:45,796: _ready: http://ubuntu:46785/
[xmlrpc][INFO] 2017-08-14 08:37:45,798: xml rpc node: starting XML-RPC server
[rospy.registration][INFO] 2017-08-14 08:37:45,798: Registering with master node http://localhost:11311
[rospy.init][INFO] 2017-08-14 08:37:45,897: registered with master
[rospy.rosout][INFO] 2017-08-14 08:37:45,897: initializing /rosout core topic
[rospy.rosout][INFO] 2017-08-14 08:37:45,902: connected to core topic /rosout
[rospy.simtime][INFO] 2017-08-14 08:37:45,904: /use_sim_time is not set, will not subscribe to simulated time [/clock] topic
[rosout][ERROR] 2017-08-14 08:37:45,931: No blinkstick device found
[rospy.core][INFO] 2017-08-14 08:37:45,932: signal_shutdown [atexit]
[rospy.impl.masterslave][INFO] 2017-08-14 08:37:45,937: atexit
[rospy.client][INFO] 2017-08-14 08:40:57,318: init_node, name[/bebop/led], pid[83]
[xmlrpc][INFO] 2017-08-14 08:40:57,319: XML-RPC server binding to 0.0.0.0:0
[xmlrpc][INFO] 2017-08-14 08:40:57,319: Started XML-RPC server [http://ubuntu:44138/]
[rospy.init][INFO] 2017-08-14 08:40:57,320: ROS Slave URI: [http://ubuntu:44138/]
[rospy.impl.masterslave][INFO] 2017-08-14 08:40:57,320: _ready: http://ubuntu:44138/
[rospy.registration][INFO] 2017-08-14 08:40:57,321: Registering with master node http://localhost:11311
[xmlrpc][INFO] 2017-08-14 08:40:57,321: xml rpc node: starting XML-RPC server
[rospy.init][INFO] 2017-08-14 08:40:57,420: registered with master
[rospy.rosout][INFO] 2017-08-14 08:40:57,422: initializing /rosout core topic
[rospy.rosout][INFO] 2017-08-14 08:40:57,424: connected to core topic /rosout
[rospy.simtime][INFO] 2017-08-14 08:40:57,427: /use_sim_time is not set, will not subscribe to simulated time [/clock] topic
[rosout][ERROR] 2017-08-14 08:40:57,457: No blinkstick device found
[rospy.core][INFO] 2017-08-14 08:40:57,538: signal_shutdown [atexit]
[rospy.impl.masterslave][INFO] 2017-08-14 08:40:57,541: atexit
[rospy.client][INFO] 2017-08-14 08:50:14,891: init_node, name[/bebop/led], pid[83]
[xmlrpc][INFO] 2017-08-14 08:50:14,892: XML-RPC server binding to 0.0.0.0:0
[xmlrpc][INFO] 2017-08-14 08:50:14,893: Started XML-RPC server [http://ubuntu:39778/]
[rospy.init][INFO] 2017-08-14 08:50:14,893: ROS Slave URI: [http://ubuntu:39778/]
[rospy.impl.masterslave][INFO] 2017-08-14 08:50:14,893: _ready: http://ubuntu:39778/
[xmlrpc][INFO] 2017-08-14 08:50:14,894: xml rpc node: starting XML-RPC server
[rospy.registration][INFO] 2017-08-14 08:50:14,895: Registering with master node http://localhost:11311
[rospy.init][INFO] 2017-08-14 08:50:14,994: registered with master
[rospy.rosout][INFO] 2017-08-14 08:50:14,994: initializing /rosout core topic
[rospy.rosout][INFO] 2017-08-14 08:50:14,998: connected to core topic /rosout
[rospy.simtime][INFO] 2017-08-14 08:50:15,000: /use_sim_time is not set, will not subscribe to simulated time [/clock] topic
[rosout][ERROR] 2017-08-14 08:50:15,029: No blinkstick device found
[rospy.core][INFO] 2017-08-14 08:50:15,030: signal_shutdown [atexit]
[rospy.impl.masterslave][INFO] 2017-08-14 08:50:15,035: atexit
