[rospy.client][INFO] 2017-08-14 08:36:40,472: init_node, name[/bebop/diagnostics], pid[81]
[xmlrpc][INFO] 2017-08-14 08:36:40,473: XML-RPC server binding to 0.0.0.0:0
[xmlrpc][INFO] 2017-08-14 08:36:40,474: Started XML-RPC server [http://ubuntu:38918/]
[rospy.init][INFO] 2017-08-14 08:36:40,474: ROS Slave URI: [http://ubuntu:38918/]
[rospy.impl.masterslave][INFO] 2017-08-14 08:36:40,474: _ready: http://ubuntu:38918/
[rospy.registration][INFO] 2017-08-14 08:36:40,476: Registering with master node http://localhost:11311
[xmlrpc][INFO] 2017-08-14 08:36:40,476: xml rpc node: starting XML-RPC server
[rospy.init][INFO] 2017-08-14 08:36:40,575: registered with master
[rospy.rosout][INFO] 2017-08-14 08:36:40,575: initializing /rosout core topic
[rospy.rosout][INFO] 2017-08-14 08:36:40,578: connected to core topic /rosout
[rospy.simtime][INFO] 2017-08-14 08:36:40,580: /use_sim_time is not set, will not subscribe to simulated time [/clock] topic
[rospy.internal][INFO] 2017-08-14 08:36:40,855: topic[/rosout] adding connection to [/rosout], count 0
[rospy.core][INFO] 2017-08-14 08:36:41,053: signal_shutdown [signal-2]
[rospy.internal][INFO] 2017-08-14 08:36:41,059: topic[/rosout] removing connection to /rosout
[rospy.impl.masterslave][INFO] 2017-08-14 08:36:41,059: signal-2
[rospy.core][INFO] 2017-08-14 08:36:41,192: signal_shutdown [atexit]
[rospy.client][INFO] 2017-08-14 08:37:06,547: init_node, name[/bebop/diagnostics], pid[80]
[xmlrpc][INFO] 2017-08-14 08:37:06,548: XML-RPC server binding to 0.0.0.0:0
[xmlrpc][INFO] 2017-08-14 08:37:06,549: Started XML-RPC server [http://ubuntu:35062/]
[rospy.init][INFO] 2017-08-14 08:37:06,549: ROS Slave URI: [http://ubuntu:35062/]
[rospy.impl.masterslave][INFO] 2017-08-14 08:37:06,549: _ready: http://ubuntu:35062/
[rospy.registration][INFO] 2017-08-14 08:37:06,551: Registering with master node http://localhost:11311
[xmlrpc][INFO] 2017-08-14 08:37:06,551: xml rpc node: starting XML-RPC server
[rospy.init][INFO] 2017-08-14 08:37:06,650: registered with master
[rospy.rosout][INFO] 2017-08-14 08:37:06,651: initializing /rosout core topic
[rospy.rosout][INFO] 2017-08-14 08:37:06,653: connected to core topic /rosout
[rospy.simtime][INFO] 2017-08-14 08:37:06,657: /use_sim_time is not set, will not subscribe to simulated time [/clock] topic
[rospy.internal][INFO] 2017-08-14 08:37:06,800: topic[/rosout] adding connection to [/rosout], count 0
[rospy.core][INFO] 2017-08-14 08:37:13,127: signal_shutdown [signal-2]
[rospy.internal][INFO] 2017-08-14 08:37:13,132: topic[/rosout] removing connection to /rosout
[rospy.impl.masterslave][INFO] 2017-08-14 08:37:13,133: signal-2
[rospy.core][INFO] 2017-08-14 08:37:13,241: signal_shutdown [atexit]
[rospy.client][INFO] 2017-08-14 08:37:45,785: init_node, name[/bebop/diagnostics], pid[80]
[xmlrpc][INFO] 2017-08-14 08:37:45,786: XML-RPC server binding to 0.0.0.0:0
[xmlrpc][INFO] 2017-08-14 08:37:45,787: Started XML-RPC server [http://ubuntu:45757/]
[rospy.init][INFO] 2017-08-14 08:37:45,787: ROS Slave URI: [http://ubuntu:45757/]
[rospy.impl.masterslave][INFO] 2017-08-14 08:37:45,788: _ready: http://ubuntu:45757/
[rospy.registration][INFO] 2017-08-14 08:37:45,789: Registering with master node http://localhost:11311
[xmlrpc][INFO] 2017-08-14 08:37:45,789: xml rpc node: starting XML-RPC server
[rospy.init][INFO] 2017-08-14 08:37:45,888: registered with master
[rospy.rosout][INFO] 2017-08-14 08:37:45,889: initializing /rosout core topic
[rospy.rosout][INFO] 2017-08-14 08:37:45,892: connected to core topic /rosout
[rospy.simtime][INFO] 2017-08-14 08:37:45,893: /use_sim_time is not set, will not subscribe to simulated time [/clock] topic
[rospy.internal][INFO] 2017-08-14 08:37:46,192: topic[/rosout] adding connection to [/rosout], count 0
[rospy.core][INFO] 2017-08-14 08:38:09,121: signal_shutdown [signal-2]
[rospy.internal][INFO] 2017-08-14 08:38:09,126: topic[/rosout] removing connection to /rosout
[rospy.impl.masterslave][INFO] 2017-08-14 08:38:09,127: signal-2
[rospy.core][INFO] 2017-08-14 08:38:09,259: signal_shutdown [atexit]
[rospy.client][INFO] 2017-08-14 08:40:57,303: init_node, name[/bebop/diagnostics], pid[81]
[xmlrpc][INFO] 2017-08-14 08:40:57,303: XML-RPC server binding to 0.0.0.0:0
[xmlrpc][INFO] 2017-08-14 08:40:57,304: Started XML-RPC server [http://ubuntu:45566/]
[rospy.init][INFO] 2017-08-14 08:40:57,304: ROS Slave URI: [http://ubuntu:45566/]
[rospy.impl.masterslave][INFO] 2017-08-14 08:40:57,305: _ready: http://ubuntu:45566/
[xmlrpc][INFO] 2017-08-14 08:40:57,306: xml rpc node: starting XML-RPC server
[rospy.registration][INFO] 2017-08-14 08:40:57,306: Registering with master node http://localhost:11311
[rospy.init][INFO] 2017-08-14 08:40:57,405: registered with master
[rospy.rosout][INFO] 2017-08-14 08:40:57,406: initializing /rosout core topic
[rospy.rosout][INFO] 2017-08-14 08:40:57,408: connected to core topic /rosout
[rospy.simtime][INFO] 2017-08-14 08:40:57,410: /use_sim_time is not set, will not subscribe to simulated time [/clock] topic
[rospy.internal][INFO] 2017-08-14 08:40:57,537: topic[/rosout] adding connection to [/rosout], count 0
[rospy.core][INFO] 2017-08-14 08:49:48,923: signal_shutdown [signal-2]
[rospy.internal][INFO] 2017-08-14 08:49:48,931: topic[/rosout] removing connection to /rosout
[rospy.impl.masterslave][INFO] 2017-08-14 08:49:48,932: signal-2
[rospy.client][INFO] 2017-08-14 08:50:14,895: init_node, name[/bebop/diagnostics], pid[81]
[xmlrpc][INFO] 2017-08-14 08:50:14,896: XML-RPC server binding to 0.0.0.0:0
[xmlrpc][INFO] 2017-08-14 08:50:14,896: Started XML-RPC server [http://ubuntu:33835/]
[rospy.init][INFO] 2017-08-14 08:50:14,896: ROS Slave URI: [http://ubuntu:33835/]
[rospy.impl.masterslave][INFO] 2017-08-14 08:50:14,897: _ready: http://ubuntu:33835/
[xmlrpc][INFO] 2017-08-14 08:50:14,898: xml rpc node: starting XML-RPC server
[rospy.registration][INFO] 2017-08-14 08:50:14,898: Registering with master node http://localhost:11311
[rospy.init][INFO] 2017-08-14 08:50:14,997: registered with master
[rospy.rosout][INFO] 2017-08-14 08:50:14,998: initializing /rosout core topic
[rospy.rosout][INFO] 2017-08-14 08:50:15,001: connected to core topic /rosout
[rospy.simtime][INFO] 2017-08-14 08:50:15,004: /use_sim_time is not set, will not subscribe to simulated time [/clock] topic
[rospy.internal][INFO] 2017-08-14 08:50:15,289: topic[/rosout] adding connection to [/rosout], count 0
[rospy.core][INFO] 2017-08-14 08:50:35,836: signal_shutdown [signal-2]
[rospy.internal][INFO] 2017-08-14 08:50:35,850: topic[/rosout] removing connection to /rosout
[rospy.impl.masterslave][INFO] 2017-08-14 08:50:35,851: signal-2
[rospy.core][INFO] 2017-08-14 08:50:35,953: signal_shutdown [atexit]
